2026-04-29 13:52:52,037 | INFO | train.efficientnet_b3.s2 | args = {"model": "efficientnet_b3", "dataset": "atrnet_star", "seed": 2, "epochs": 50, "batch_size": 64, "lr": 0.001, "weight_decay": 0.0001, "data_dir": "/springbrook/share/soc/pouhjm/datasets/atrnet_star/Ground_Range/Amplitude_8bit/SOC_40classes", "output_dir": null, "num_workers": null, "image_size": 224, "atrnet_config": "SOC-40", "grad_accum_steps": 1, "early_stop_patience": 10, "no_amp": false, "no_pretrained": false, "resume": true, "summary_csv": "/springbrook/share/soc/pouhjm/mstar/results/train_summary.csv"}
2026-04-29 13:52:52,042 | INFO | train.efficientnet_b3.s2 | device=cpu | cuda: unavailable
2026-04-29 13:52:52,574 | INFO | train.efficientnet_b3.s2 | dataset=atrnet_star | train=61282 val=6809 test=29284 classes=40
2026-04-29 13:52:54,539 | INFO | train.efficientnet_b3.s2 | model=efficientnet_b3 | params=10757712
2026-04-29 14:06:40,228 | INFO | train.efficientnet_b3.s2 | args = {"model": "efficientnet_b3", "dataset": "atrnet_star", "seed": 2, "epochs": 50, "batch_size": 64, "lr": 0.001, "weight_decay": 0.0001, "data_dir": "/springbrook/share/soc/pouhjm/datasets/atrnet_star/Ground_Range/Amplitude_8bit/SOC_40classes", "output_dir": null, "num_workers": null, "image_size": 224, "atrnet_config": "SOC-40", "grad_accum_steps": 1, "early_stop_patience": 10, "no_amp": false, "no_pretrained": false, "resume": true, "summary_csv": "/springbrook/share/soc/pouhjm/mstar/results/train_summary.csv"}
2026-04-29 14:06:40,345 | INFO | train.efficientnet_b3.s2 | device=cuda | cuda: NVIDIA L40 | total=47.7GB allocated=0.0GB reserved=0.0GB
2026-04-29 14:06:40,925 | INFO | train.efficientnet_b3.s2 | dataset=atrnet_star | train=61282 val=6809 test=29284 classes=40
2026-04-29 14:06:41,357 | INFO | train.efficientnet_b3.s2 | model=efficientnet_b3 | params=10757712
2026-04-29 14:09:56,169 | INFO | train.efficientnet_b3.s2 | epoch=01/50 | train_loss=1.4826 train_acc=0.5628 | val_loss=0.7060 val_acc=0.7772
2026-04-29 14:09:56,222 | INFO | train.efficientnet_b3.s2 | new best val acc 0.7772 -> saved best_model.pth
2026-04-29 14:12:56,220 | INFO | train.efficientnet_b3.s2 | epoch=02/50 | train_loss=0.5848 train_acc=0.8160 | val_loss=0.4532 val_acc=0.8571
2026-04-29 14:12:56,270 | INFO | train.efficientnet_b3.s2 | new best val acc 0.8571 -> saved best_model.pth
2026-04-29 14:15:56,167 | INFO | train.efficientnet_b3.s2 | epoch=03/50 | train_loss=0.3665 train_acc=0.8831 | val_loss=0.3651 val_acc=0.8866
2026-04-29 14:15:56,218 | INFO | train.efficientnet_b3.s2 | new best val acc 0.8866 -> saved best_model.pth
2026-04-29 14:18:56,158 | INFO | train.efficientnet_b3.s2 | epoch=04/50 | train_loss=0.2654 train_acc=0.9145 | val_loss=0.2684 val_acc=0.9169
2026-04-29 14:18:56,209 | INFO | train.efficientnet_b3.s2 | new best val acc 0.9169 -> saved best_model.pth
2026-04-29 14:21:55,830 | INFO | train.efficientnet_b3.s2 | epoch=05/50 | train_loss=0.2041 train_acc=0.9346 | val_loss=0.2287 val_acc=0.9320
2026-04-29 14:21:55,881 | INFO | train.efficientnet_b3.s2 | new best val acc 0.9320 -> saved best_model.pth
2026-04-29 14:24:55,732 | INFO | train.efficientnet_b3.s2 | epoch=06/50 | train_loss=0.1713 train_acc=0.9440 | val_loss=0.2283 val_acc=0.9297
2026-04-29 14:27:55,078 | INFO | train.efficientnet_b3.s2 | epoch=07/50 | train_loss=0.1435 train_acc=0.9537 | val_loss=0.2072 val_acc=0.9411
2026-04-29 14:27:55,127 | INFO | train.efficientnet_b3.s2 | new best val acc 0.9411 -> saved best_model.pth
2026-04-29 14:30:54,089 | INFO | train.efficientnet_b3.s2 | epoch=08/50 | train_loss=0.1232 train_acc=0.9605 | val_loss=0.1920 val_acc=0.9430
2026-04-29 14:30:54,139 | INFO | train.efficientnet_b3.s2 | new best val acc 0.9430 -> saved best_model.pth
2026-04-29 14:33:53,219 | INFO | train.efficientnet_b3.s2 | epoch=09/50 | train_loss=0.1101 train_acc=0.9647 | val_loss=0.1807 val_acc=0.9487
2026-04-29 14:33:53,269 | INFO | train.efficientnet_b3.s2 | new best val acc 0.9487 -> saved best_model.pth
2026-04-29 14:36:52,428 | INFO | train.efficientnet_b3.s2 | epoch=10/50 | train_loss=0.1034 train_acc=0.9678 | val_loss=0.1596 val_acc=0.9543
2026-04-29 14:36:52,478 | INFO | train.efficientnet_b3.s2 | new best val acc 0.9543 -> saved best_model.pth
2026-04-29 14:39:51,442 | INFO | train.efficientnet_b3.s2 | epoch=11/50 | train_loss=0.0826 train_acc=0.9735 | val_loss=0.1986 val_acc=0.9433
2026-04-29 14:42:50,819 | INFO | train.efficientnet_b3.s2 | epoch=12/50 | train_loss=0.0768 train_acc=0.9750 | val_loss=0.1677 val_acc=0.9507
2026-04-29 14:45:50,107 | INFO | train.efficientnet_b3.s2 | epoch=13/50 | train_loss=0.0706 train_acc=0.9778 | val_loss=0.1506 val_acc=0.9564
2026-04-29 14:45:50,159 | INFO | train.efficientnet_b3.s2 | new best val acc 0.9564 -> saved best_model.pth
2026-04-29 14:48:49,637 | INFO | train.efficientnet_b3.s2 | epoch=14/50 | train_loss=0.0619 train_acc=0.9800 | val_loss=0.1156 val_acc=0.9652
2026-04-29 14:48:49,688 | INFO | train.efficientnet_b3.s2 | new best val acc 0.9652 -> saved best_model.pth
2026-04-29 14:51:49,158 | INFO | train.efficientnet_b3.s2 | epoch=15/50 | train_loss=0.0561 train_acc=0.9817 | val_loss=0.1602 val_acc=0.9555
2026-04-29 14:54:48,442 | INFO | train.efficientnet_b3.s2 | epoch=16/50 | train_loss=0.0510 train_acc=0.9835 | val_loss=0.1441 val_acc=0.9606
2026-04-29 14:57:47,961 | INFO | train.efficientnet_b3.s2 | epoch=17/50 | train_loss=0.0432 train_acc=0.9858 | val_loss=0.1283 val_acc=0.9662
2026-04-29 14:57:48,012 | INFO | train.efficientnet_b3.s2 | new best val acc 0.9662 -> saved best_model.pth
2026-04-29 15:00:47,993 | INFO | train.efficientnet_b3.s2 | epoch=18/50 | train_loss=0.0452 train_acc=0.9852 | val_loss=0.1248 val_acc=0.9645
2026-04-29 15:03:47,518 | INFO | train.efficientnet_b3.s2 | epoch=19/50 | train_loss=0.0399 train_acc=0.9872 | val_loss=0.1206 val_acc=0.9670
2026-04-29 15:03:47,569 | INFO | train.efficientnet_b3.s2 | new best val acc 0.9670 -> saved best_model.pth
2026-04-29 15:06:46,680 | INFO | train.efficientnet_b3.s2 | epoch=20/50 | train_loss=0.0322 train_acc=0.9900 | val_loss=0.1233 val_acc=0.9670
2026-04-29 15:09:46,016 | INFO | train.efficientnet_b3.s2 | epoch=21/50 | train_loss=0.0313 train_acc=0.9903 | val_loss=0.1123 val_acc=0.9700
2026-04-29 15:09:46,067 | INFO | train.efficientnet_b3.s2 | new best val acc 0.9700 -> saved best_model.pth
2026-04-29 15:12:45,331 | INFO | train.efficientnet_b3.s2 | epoch=22/50 | train_loss=0.0286 train_acc=0.9907 | val_loss=0.1200 val_acc=0.9686
2026-04-29 15:15:44,352 | INFO | train.efficientnet_b3.s2 | epoch=23/50 | train_loss=0.0268 train_acc=0.9914 | val_loss=0.1046 val_acc=0.9730
2026-04-29 15:15:44,403 | INFO | train.efficientnet_b3.s2 | new best val acc 0.9730 -> saved best_model.pth
2026-04-29 15:18:43,516 | INFO | train.efficientnet_b3.s2 | epoch=24/50 | train_loss=0.0217 train_acc=0.9928 | val_loss=0.1138 val_acc=0.9705
2026-04-29 15:21:43,028 | INFO | train.efficientnet_b3.s2 | epoch=25/50 | train_loss=0.0194 train_acc=0.9938 | val_loss=0.1039 val_acc=0.9739
2026-04-29 15:21:43,079 | INFO | train.efficientnet_b3.s2 | new best val acc 0.9739 -> saved best_model.pth
2026-04-29 15:24:42,558 | INFO | train.efficientnet_b3.s2 | epoch=26/50 | train_loss=0.0177 train_acc=0.9942 | val_loss=0.0926 val_acc=0.9764
2026-04-29 15:24:42,608 | INFO | train.efficientnet_b3.s2 | new best val acc 0.9764 -> saved best_model.pth
2026-04-29 15:27:42,214 | INFO | train.efficientnet_b3.s2 | epoch=27/50 | train_loss=0.0160 train_acc=0.9953 | val_loss=0.0900 val_acc=0.9768
2026-04-29 15:27:42,266 | INFO | train.efficientnet_b3.s2 | new best val acc 0.9768 -> saved best_model.pth
2026-04-29 15:30:41,742 | INFO | train.efficientnet_b3.s2 | epoch=28/50 | train_loss=0.0114 train_acc=0.9965 | val_loss=0.0900 val_acc=0.9759
2026-04-29 15:33:41,087 | INFO | train.efficientnet_b3.s2 | epoch=29/50 | train_loss=0.0108 train_acc=0.9963 | val_loss=0.0996 val_acc=0.9768
2026-04-29 15:36:40,338 | INFO | train.efficientnet_b3.s2 | epoch=30/50 | train_loss=0.0104 train_acc=0.9967 | val_loss=0.0789 val_acc=0.9813
2026-04-29 15:36:40,389 | INFO | train.efficientnet_b3.s2 | new best val acc 0.9813 -> saved best_model.pth
2026-04-29 15:39:40,008 | INFO | train.efficientnet_b3.s2 | epoch=31/50 | train_loss=0.0077 train_acc=0.9977 | val_loss=0.0860 val_acc=0.9775
2026-04-29 15:42:39,609 | INFO | train.efficientnet_b3.s2 | epoch=32/50 | train_loss=0.0080 train_acc=0.9975 | val_loss=0.0815 val_acc=0.9787
2026-04-29 15:45:38,726 | INFO | train.efficientnet_b3.s2 | epoch=33/50 | train_loss=0.0054 train_acc=0.9983 | val_loss=0.0752 val_acc=0.9821
2026-04-29 15:45:38,777 | INFO | train.efficientnet_b3.s2 | new best val acc 0.9821 -> saved best_model.pth
2026-04-29 15:48:38,307 | INFO | train.efficientnet_b3.s2 | epoch=34/50 | train_loss=0.0048 train_acc=0.9985 | val_loss=0.0756 val_acc=0.9813
2026-04-29 15:51:38,073 | INFO | train.efficientnet_b3.s2 | epoch=35/50 | train_loss=0.0037 train_acc=0.9988 | val_loss=0.0689 val_acc=0.9816
2026-04-29 15:54:37,329 | INFO | train.efficientnet_b3.s2 | epoch=36/50 | train_loss=0.0034 train_acc=0.9988 | val_loss=0.0711 val_acc=0.9819
2026-04-29 15:57:36,760 | INFO | train.efficientnet_b3.s2 | epoch=37/50 | train_loss=0.0025 train_acc=0.9993 | val_loss=0.0682 val_acc=0.9824
2026-04-29 15:57:36,810 | INFO | train.efficientnet_b3.s2 | new best val acc 0.9824 -> saved best_model.pth
2026-04-29 16:00:36,043 | INFO | train.efficientnet_b3.s2 | epoch=38/50 | train_loss=0.0019 train_acc=0.9994 | val_loss=0.0665 val_acc=0.9837
2026-04-29 16:00:36,093 | INFO | train.efficientnet_b3.s2 | new best val acc 0.9837 -> saved best_model.pth
2026-04-29 16:03:35,317 | INFO | train.efficientnet_b3.s2 | epoch=39/50 | train_loss=0.0017 train_acc=0.9995 | val_loss=0.0689 val_acc=0.9847
2026-04-29 16:03:35,366 | INFO | train.efficientnet_b3.s2 | new best val acc 0.9847 -> saved best_model.pth
2026-04-29 16:06:34,354 | INFO | train.efficientnet_b3.s2 | epoch=40/50 | train_loss=0.0013 train_acc=0.9996 | val_loss=0.0654 val_acc=0.9866
2026-04-29 16:06:34,404 | INFO | train.efficientnet_b3.s2 | new best val acc 0.9866 -> saved best_model.pth
2026-04-29 16:09:33,424 | INFO | train.efficientnet_b3.s2 | epoch=41/50 | train_loss=0.0012 train_acc=0.9996 | val_loss=0.0614 val_acc=0.9866
2026-04-29 16:12:32,233 | INFO | train.efficientnet_b3.s2 | epoch=42/50 | train_loss=0.0008 train_acc=0.9998 | val_loss=0.0630 val_acc=0.9862
2026-04-29 16:15:31,383 | INFO | train.efficientnet_b3.s2 | epoch=43/50 | train_loss=0.0007 train_acc=0.9998 | val_loss=0.0600 val_acc=0.9863
2026-04-29 16:18:30,628 | INFO | train.efficientnet_b3.s2 | epoch=44/50 | train_loss=0.0011 train_acc=0.9996 | val_loss=0.0592 val_acc=0.9863
2026-04-29 16:21:30,143 | INFO | train.efficientnet_b3.s2 | epoch=45/50 | train_loss=0.0006 train_acc=0.9998 | val_loss=0.0590 val_acc=0.9860
2026-04-29 16:24:29,162 | INFO | train.efficientnet_b3.s2 | epoch=46/50 | train_loss=0.0007 train_acc=0.9998 | val_loss=0.0571 val_acc=0.9869
2026-04-29 16:24:29,212 | INFO | train.efficientnet_b3.s2 | new best val acc 0.9869 -> saved best_model.pth
2026-04-29 16:27:28,282 | INFO | train.efficientnet_b3.s2 | epoch=47/50 | train_loss=0.0007 train_acc=0.9998 | val_loss=0.0574 val_acc=0.9872
2026-04-29 16:27:28,332 | INFO | train.efficientnet_b3.s2 | new best val acc 0.9872 -> saved best_model.pth
2026-04-29 16:30:27,582 | INFO | train.efficientnet_b3.s2 | epoch=48/50 | train_loss=0.0004 train_acc=0.9999 | val_loss=0.0581 val_acc=0.9868
2026-04-29 16:33:26,768 | INFO | train.efficientnet_b3.s2 | epoch=49/50 | train_loss=0.0005 train_acc=0.9998 | val_loss=0.0567 val_acc=0.9863
2026-04-29 16:36:25,932 | INFO | train.efficientnet_b3.s2 | epoch=50/50 | train_loss=0.0004 train_acc=0.9999 | val_loss=0.0583 val_acc=0.9863
2026-04-29 16:37:27,726 | INFO | train.efficientnet_b3.s2 | done | best_val_acc=0.9872 test_acc=0.9886 elapsed=9046.4s
