2026-04-29 13:52:52,037 | INFO | train.efficientnet_b3.s1 | args = {"model": "efficientnet_b3", "dataset": "atrnet_star", "seed": 1, "epochs": 50, "batch_size": 64, "lr": 0.001, "weight_decay": 0.0001, "data_dir": "/springbrook/share/soc/pouhjm/datasets/atrnet_star/Ground_Range/Amplitude_8bit/SOC_40classes", "output_dir": null, "num_workers": null, "image_size": 224, "atrnet_config": "SOC-40", "grad_accum_steps": 1, "early_stop_patience": 10, "no_amp": false, "no_pretrained": false, "resume": true, "summary_csv": "/springbrook/share/soc/pouhjm/mstar/results/train_summary.csv"}
2026-04-29 13:52:52,042 | INFO | train.efficientnet_b3.s1 | device=cpu | cuda: unavailable
2026-04-29 13:52:52,573 | INFO | train.efficientnet_b3.s1 | dataset=atrnet_star | train=61282 val=6809 test=29284 classes=40
2026-04-29 13:52:54,205 | INFO | train.efficientnet_b3.s1 | model=efficientnet_b3 | params=10757712
2026-04-29 14:06:40,227 | INFO | train.efficientnet_b3.s1 | args = {"model": "efficientnet_b3", "dataset": "atrnet_star", "seed": 1, "epochs": 50, "batch_size": 64, "lr": 0.001, "weight_decay": 0.0001, "data_dir": "/springbrook/share/soc/pouhjm/datasets/atrnet_star/Ground_Range/Amplitude_8bit/SOC_40classes", "output_dir": null, "num_workers": null, "image_size": 224, "atrnet_config": "SOC-40", "grad_accum_steps": 1, "early_stop_patience": 10, "no_amp": false, "no_pretrained": false, "resume": true, "summary_csv": "/springbrook/share/soc/pouhjm/mstar/results/train_summary.csv"}
2026-04-29 14:06:40,366 | INFO | train.efficientnet_b3.s1 | device=cuda | cuda: NVIDIA L40 | total=47.7GB allocated=0.0GB reserved=0.0GB
2026-04-29 14:06:40,925 | INFO | train.efficientnet_b3.s1 | dataset=atrnet_star | train=61282 val=6809 test=29284 classes=40
2026-04-29 14:06:41,357 | INFO | train.efficientnet_b3.s1 | model=efficientnet_b3 | params=10757712
2026-04-29 14:09:55,537 | INFO | train.efficientnet_b3.s1 | epoch=01/50 | train_loss=1.4510 train_acc=0.5717 | val_loss=0.6688 val_acc=0.7904
2026-04-29 14:09:55,592 | INFO | train.efficientnet_b3.s1 | new best val acc 0.7904 -> saved best_model.pth
2026-04-29 14:12:55,021 | INFO | train.efficientnet_b3.s1 | epoch=02/50 | train_loss=0.5860 train_acc=0.8169 | val_loss=0.3837 val_acc=0.8778
2026-04-29 14:12:55,071 | INFO | train.efficientnet_b3.s1 | new best val acc 0.8778 -> saved best_model.pth
2026-04-29 14:15:54,262 | INFO | train.efficientnet_b3.s1 | epoch=03/50 | train_loss=0.3646 train_acc=0.8841 | val_loss=0.2932 val_acc=0.9045
2026-04-29 14:15:54,313 | INFO | train.efficientnet_b3.s1 | new best val acc 0.9045 -> saved best_model.pth
2026-04-29 14:18:53,499 | INFO | train.efficientnet_b3.s1 | epoch=04/50 | train_loss=0.2636 train_acc=0.9157 | val_loss=0.2457 val_acc=0.9214
2026-04-29 14:18:53,551 | INFO | train.efficientnet_b3.s1 | new best val acc 0.9214 -> saved best_model.pth
2026-04-29 14:21:52,194 | INFO | train.efficientnet_b3.s1 | epoch=05/50 | train_loss=0.2045 train_acc=0.9350 | val_loss=0.2398 val_acc=0.9270
2026-04-29 14:21:52,245 | INFO | train.efficientnet_b3.s1 | new best val acc 0.9270 -> saved best_model.pth
2026-04-29 14:24:51,622 | INFO | train.efficientnet_b3.s1 | epoch=06/50 | train_loss=0.1693 train_acc=0.9449 | val_loss=0.1856 val_acc=0.9415
2026-04-29 14:24:51,671 | INFO | train.efficientnet_b3.s1 | new best val acc 0.9415 -> saved best_model.pth
2026-04-29 14:27:50,173 | INFO | train.efficientnet_b3.s1 | epoch=07/50 | train_loss=0.1436 train_acc=0.9532 | val_loss=0.1819 val_acc=0.9452
2026-04-29 14:27:50,223 | INFO | train.efficientnet_b3.s1 | new best val acc 0.9452 -> saved best_model.pth
2026-04-29 14:30:48,727 | INFO | train.efficientnet_b3.s1 | epoch=08/50 | train_loss=0.1258 train_acc=0.9595 | val_loss=0.1745 val_acc=0.9467
2026-04-29 14:30:48,778 | INFO | train.efficientnet_b3.s1 | new best val acc 0.9467 -> saved best_model.pth
2026-04-29 14:33:46,958 | INFO | train.efficientnet_b3.s1 | epoch=09/50 | train_loss=0.1042 train_acc=0.9661 | val_loss=0.1775 val_acc=0.9470
2026-04-29 14:33:47,010 | INFO | train.efficientnet_b3.s1 | new best val acc 0.9470 -> saved best_model.pth
2026-04-29 14:36:45,500 | INFO | train.efficientnet_b3.s1 | epoch=10/50 | train_loss=0.1002 train_acc=0.9674 | val_loss=0.1711 val_acc=0.9505
2026-04-29 14:36:45,550 | INFO | train.efficientnet_b3.s1 | new best val acc 0.9505 -> saved best_model.pth
2026-04-29 14:39:43,873 | INFO | train.efficientnet_b3.s1 | epoch=11/50 | train_loss=0.0929 train_acc=0.9707 | val_loss=0.1587 val_acc=0.9552
2026-04-29 14:39:43,923 | INFO | train.efficientnet_b3.s1 | new best val acc 0.9552 -> saved best_model.pth
2026-04-29 14:42:42,434 | INFO | train.efficientnet_b3.s1 | epoch=12/50 | train_loss=0.0752 train_acc=0.9759 | val_loss=0.1261 val_acc=0.9636
2026-04-29 14:42:42,485 | INFO | train.efficientnet_b3.s1 | new best val acc 0.9636 -> saved best_model.pth
2026-04-29 14:45:40,936 | INFO | train.efficientnet_b3.s1 | epoch=13/50 | train_loss=0.0705 train_acc=0.9767 | val_loss=0.1557 val_acc=0.9564
2026-04-29 14:48:40,120 | INFO | train.efficientnet_b3.s1 | epoch=14/50 | train_loss=0.0682 train_acc=0.9785 | val_loss=0.1258 val_acc=0.9667
2026-04-29 14:48:40,170 | INFO | train.efficientnet_b3.s1 | new best val acc 0.9667 -> saved best_model.pth
2026-04-29 14:51:38,694 | INFO | train.efficientnet_b3.s1 | epoch=15/50 | train_loss=0.0533 train_acc=0.9826 | val_loss=0.1340 val_acc=0.9617
2026-04-29 14:54:37,383 | INFO | train.efficientnet_b3.s1 | epoch=16/50 | train_loss=0.0509 train_acc=0.9836 | val_loss=0.1525 val_acc=0.9583
2026-04-29 14:57:36,512 | INFO | train.efficientnet_b3.s1 | epoch=17/50 | train_loss=0.0523 train_acc=0.9836 | val_loss=0.1211 val_acc=0.9649
2026-04-29 15:00:35,679 | INFO | train.efficientnet_b3.s1 | epoch=18/50 | train_loss=0.0463 train_acc=0.9852 | val_loss=0.1111 val_acc=0.9693
2026-04-29 15:00:35,729 | INFO | train.efficientnet_b3.s1 | new best val acc 0.9693 -> saved best_model.pth
2026-04-29 15:03:34,364 | INFO | train.efficientnet_b3.s1 | epoch=19/50 | train_loss=0.0353 train_acc=0.9886 | val_loss=0.1380 val_acc=0.9646
2026-04-29 15:06:33,353 | INFO | train.efficientnet_b3.s1 | epoch=20/50 | train_loss=0.0332 train_acc=0.9894 | val_loss=0.1094 val_acc=0.9711
2026-04-29 15:06:33,402 | INFO | train.efficientnet_b3.s1 | new best val acc 0.9711 -> saved best_model.pth
2026-04-29 15:09:31,944 | INFO | train.efficientnet_b3.s1 | epoch=21/50 | train_loss=0.0321 train_acc=0.9897 | val_loss=0.1202 val_acc=0.9695
2026-04-29 15:12:30,658 | INFO | train.efficientnet_b3.s1 | epoch=22/50 | train_loss=0.0278 train_acc=0.9914 | val_loss=0.1065 val_acc=0.9722
2026-04-29 15:12:30,709 | INFO | train.efficientnet_b3.s1 | new best val acc 0.9722 -> saved best_model.pth
2026-04-29 15:15:28,826 | INFO | train.efficientnet_b3.s1 | epoch=23/50 | train_loss=0.0284 train_acc=0.9911 | val_loss=0.0938 val_acc=0.9740
2026-04-29 15:15:28,876 | INFO | train.efficientnet_b3.s1 | new best val acc 0.9740 -> saved best_model.pth
2026-04-29 15:18:27,430 | INFO | train.efficientnet_b3.s1 | epoch=24/50 | train_loss=0.0215 train_acc=0.9936 | val_loss=0.0969 val_acc=0.9719
2026-04-29 15:21:25,719 | INFO | train.efficientnet_b3.s1 | epoch=25/50 | train_loss=0.0184 train_acc=0.9940 | val_loss=0.0920 val_acc=0.9750
2026-04-29 15:21:25,799 | INFO | train.efficientnet_b3.s1 | new best val acc 0.9750 -> saved best_model.pth
2026-04-29 15:24:24,694 | INFO | train.efficientnet_b3.s1 | epoch=26/50 | train_loss=0.0174 train_acc=0.9943 | val_loss=0.0788 val_acc=0.9808
2026-04-29 15:24:24,778 | INFO | train.efficientnet_b3.s1 | new best val acc 0.9808 -> saved best_model.pth
2026-04-29 15:27:23,484 | INFO | train.efficientnet_b3.s1 | epoch=27/50 | train_loss=0.0161 train_acc=0.9948 | val_loss=0.0913 val_acc=0.9739
2026-04-29 15:30:22,392 | INFO | train.efficientnet_b3.s1 | epoch=28/50 | train_loss=0.0129 train_acc=0.9960 | val_loss=0.0675 val_acc=0.9834
2026-04-29 15:30:22,441 | INFO | train.efficientnet_b3.s1 | new best val acc 0.9834 -> saved best_model.pth
2026-04-29 15:33:21,165 | INFO | train.efficientnet_b3.s1 | epoch=29/50 | train_loss=0.0093 train_acc=0.9969 | val_loss=0.0624 val_acc=0.9843
2026-04-29 15:33:21,216 | INFO | train.efficientnet_b3.s1 | new best val acc 0.9843 -> saved best_model.pth
2026-04-29 15:36:19,350 | INFO | train.efficientnet_b3.s1 | epoch=30/50 | train_loss=0.0103 train_acc=0.9969 | val_loss=0.0812 val_acc=0.9790
2026-04-29 15:39:17,402 | INFO | train.efficientnet_b3.s1 | epoch=31/50 | train_loss=0.0091 train_acc=0.9971 | val_loss=0.0760 val_acc=0.9830
2026-04-29 15:42:15,781 | INFO | train.efficientnet_b3.s1 | epoch=32/50 | train_loss=0.0072 train_acc=0.9977 | val_loss=0.0669 val_acc=0.9840
2026-04-29 15:45:14,124 | INFO | train.efficientnet_b3.s1 | epoch=33/50 | train_loss=0.0060 train_acc=0.9981 | val_loss=0.0637 val_acc=0.9838
2026-04-29 15:48:12,595 | INFO | train.efficientnet_b3.s1 | epoch=34/50 | train_loss=0.0055 train_acc=0.9983 | val_loss=0.0664 val_acc=0.9846
2026-04-29 15:48:12,647 | INFO | train.efficientnet_b3.s1 | new best val acc 0.9846 -> saved best_model.pth
2026-04-29 15:51:11,594 | INFO | train.efficientnet_b3.s1 | epoch=35/50 | train_loss=0.0048 train_acc=0.9986 | val_loss=0.0643 val_acc=0.9858
2026-04-29 15:51:11,643 | INFO | train.efficientnet_b3.s1 | new best val acc 0.9858 -> saved best_model.pth
2026-04-29 15:54:10,202 | INFO | train.efficientnet_b3.s1 | epoch=36/50 | train_loss=0.0031 train_acc=0.9991 | val_loss=0.0624 val_acc=0.9853
2026-04-29 15:57:08,861 | INFO | train.efficientnet_b3.s1 | epoch=37/50 | train_loss=0.0027 train_acc=0.9991 | val_loss=0.0561 val_acc=0.9866
2026-04-29 15:57:08,912 | INFO | train.efficientnet_b3.s1 | new best val acc 0.9866 -> saved best_model.pth
2026-04-29 16:00:07,848 | INFO | train.efficientnet_b3.s1 | epoch=38/50 | train_loss=0.0020 train_acc=0.9993 | val_loss=0.0558 val_acc=0.9871
2026-04-29 16:00:07,898 | INFO | train.efficientnet_b3.s1 | new best val acc 0.9871 -> saved best_model.pth
2026-04-29 16:03:06,807 | INFO | train.efficientnet_b3.s1 | epoch=39/50 | train_loss=0.0025 train_acc=0.9993 | val_loss=0.0567 val_acc=0.9860
2026-04-29 16:06:05,715 | INFO | train.efficientnet_b3.s1 | epoch=40/50 | train_loss=0.0011 train_acc=0.9997 | val_loss=0.0491 val_acc=0.9880
2026-04-29 16:06:05,767 | INFO | train.efficientnet_b3.s1 | new best val acc 0.9880 -> saved best_model.pth
2026-04-29 16:09:04,475 | INFO | train.efficientnet_b3.s1 | epoch=41/50 | train_loss=0.0015 train_acc=0.9995 | val_loss=0.0548 val_acc=0.9877
2026-04-29 16:12:03,371 | INFO | train.efficientnet_b3.s1 | epoch=42/50 | train_loss=0.0009 train_acc=0.9998 | val_loss=0.0539 val_acc=0.9883
2026-04-29 16:12:03,420 | INFO | train.efficientnet_b3.s1 | new best val acc 0.9883 -> saved best_model.pth
2026-04-29 16:15:01,908 | INFO | train.efficientnet_b3.s1 | epoch=43/50 | train_loss=0.0008 train_acc=0.9998 | val_loss=0.0515 val_acc=0.9899
2026-04-29 16:15:01,958 | INFO | train.efficientnet_b3.s1 | new best val acc 0.9899 -> saved best_model.pth
2026-04-29 16:18:00,301 | INFO | train.efficientnet_b3.s1 | epoch=44/50 | train_loss=0.0005 train_acc=0.9999 | val_loss=0.0492 val_acc=0.9896
2026-04-29 16:20:59,355 | INFO | train.efficientnet_b3.s1 | epoch=45/50 | train_loss=0.0007 train_acc=0.9998 | val_loss=0.0496 val_acc=0.9890
2026-04-29 16:23:58,131 | INFO | train.efficientnet_b3.s1 | epoch=46/50 | train_loss=0.0007 train_acc=0.9998 | val_loss=0.0463 val_acc=0.9890
2026-04-29 16:26:56,903 | INFO | train.efficientnet_b3.s1 | epoch=47/50 | train_loss=0.0007 train_acc=0.9998 | val_loss=0.0482 val_acc=0.9887
2026-04-29 16:29:55,716 | INFO | train.efficientnet_b3.s1 | epoch=48/50 | train_loss=0.0005 train_acc=0.9999 | val_loss=0.0468 val_acc=0.9890
2026-04-29 16:32:54,700 | INFO | train.efficientnet_b3.s1 | epoch=49/50 | train_loss=0.0003 train_acc=0.9999 | val_loss=0.0462 val_acc=0.9896
2026-04-29 16:35:53,249 | INFO | train.efficientnet_b3.s1 | epoch=50/50 | train_loss=0.0004 train_acc=0.9999 | val_loss=0.0472 val_acc=0.9888
2026-04-29 16:36:55,025 | INFO | train.efficientnet_b3.s1 | done | best_val_acc=0.9899 test_acc=0.9887 elapsed=9013.7s
