2026-04-29 14:41:37,447 | INFO | train.vit_b_16.s2 | args = {"model": "vit_b_16", "dataset": "atrnet_star", "seed": 2, "epochs": 50, "batch_size": 32, "lr": 0.001, "weight_decay": 0.0001, "data_dir": "/springbrook/share/soc/pouhjm/datasets/atrnet_star/Ground_Range/Amplitude_8bit/SOC_40classes", "output_dir": null, "num_workers": null, "image_size": 224, "atrnet_config": "SOC-40", "grad_accum_steps": 2, "early_stop_patience": 10, "no_amp": false, "no_pretrained": false, "resume": true, "summary_csv": "/springbrook/share/soc/pouhjm/mstar/results/train_summary.csv"}
2026-04-29 14:41:37,543 | INFO | train.vit_b_16.s2 | device=cuda | cuda: NVIDIA L40 | total=47.7GB allocated=0.0GB reserved=0.0GB
2026-04-29 14:41:38,058 | INFO | train.vit_b_16.s2 | dataset=atrnet_star | train=61282 val=6809 test=29284 classes=40
2026-04-29 14:41:38,880 | INFO | train.vit_b_16.s2 | model=vit_b_16 | params=85829416
2026-04-29 14:44:45,310 | INFO | train.vit_b_16.s2 | epoch=01/50 | train_loss=3.4964 train_acc=0.0712 | val_loss=3.4153 val_acc=0.0969
2026-04-29 14:44:45,483 | INFO | train.vit_b_16.s2 | new best val acc 0.0969 -> saved best_model.pth
2026-04-29 14:47:50,488 | INFO | train.vit_b_16.s2 | epoch=02/50 | train_loss=3.3110 train_acc=0.1136 | val_loss=3.2540 val_acc=0.1267
2026-04-29 14:47:50,649 | INFO | train.vit_b_16.s2 | new best val acc 0.1267 -> saved best_model.pth
2026-04-29 14:50:55,889 | INFO | train.vit_b_16.s2 | epoch=03/50 | train_loss=3.1447 train_acc=0.1445 | val_loss=3.0880 val_acc=0.1504
2026-04-29 14:50:56,059 | INFO | train.vit_b_16.s2 | new best val acc 0.1504 -> saved best_model.pth
2026-04-29 14:54:00,914 | INFO | train.vit_b_16.s2 | epoch=04/50 | train_loss=2.9385 train_acc=0.1844 | val_loss=2.9574 val_acc=0.1767
2026-04-29 14:54:01,079 | INFO | train.vit_b_16.s2 | new best val acc 0.1767 -> saved best_model.pth
2026-04-29 14:57:05,768 | INFO | train.vit_b_16.s2 | epoch=05/50 | train_loss=2.7019 train_acc=0.2360 | val_loss=2.5866 val_acc=0.2595
2026-04-29 14:57:05,930 | INFO | train.vit_b_16.s2 | new best val acc 0.2595 -> saved best_model.pth
2026-04-29 15:00:11,205 | INFO | train.vit_b_16.s2 | epoch=06/50 | train_loss=2.4773 train_acc=0.2893 | val_loss=2.5489 val_acc=0.2763
2026-04-29 15:00:11,371 | INFO | train.vit_b_16.s2 | new best val acc 0.2763 -> saved best_model.pth
2026-04-29 15:03:16,261 | INFO | train.vit_b_16.s2 | epoch=07/50 | train_loss=2.2902 train_acc=0.3326 | val_loss=2.2759 val_acc=0.3393
2026-04-29 15:03:16,425 | INFO | train.vit_b_16.s2 | new best val acc 0.3393 -> saved best_model.pth
2026-04-29 15:06:21,346 | INFO | train.vit_b_16.s2 | epoch=08/50 | train_loss=2.1338 train_acc=0.3718 | val_loss=2.2474 val_acc=0.3485
2026-04-29 15:06:21,507 | INFO | train.vit_b_16.s2 | new best val acc 0.3485 -> saved best_model.pth
2026-04-29 15:09:26,268 | INFO | train.vit_b_16.s2 | epoch=09/50 | train_loss=1.9625 train_acc=0.4153 | val_loss=2.0182 val_acc=0.4099
2026-04-29 15:09:26,432 | INFO | train.vit_b_16.s2 | new best val acc 0.4099 -> saved best_model.pth
2026-04-29 15:12:31,075 | INFO | train.vit_b_16.s2 | epoch=10/50 | train_loss=1.8086 train_acc=0.4536 | val_loss=1.9763 val_acc=0.4288
2026-04-29 15:12:31,238 | INFO | train.vit_b_16.s2 | new best val acc 0.4288 -> saved best_model.pth
2026-04-29 15:15:35,850 | INFO | train.vit_b_16.s2 | epoch=11/50 | train_loss=1.6626 train_acc=0.4967 | val_loss=1.7328 val_acc=0.4748
2026-04-29 15:15:36,013 | INFO | train.vit_b_16.s2 | new best val acc 0.4748 -> saved best_model.pth
2026-04-29 15:18:40,776 | INFO | train.vit_b_16.s2 | epoch=12/50 | train_loss=1.5405 train_acc=0.5283 | val_loss=1.7055 val_acc=0.4896
2026-04-29 15:18:40,940 | INFO | train.vit_b_16.s2 | new best val acc 0.4896 -> saved best_model.pth
2026-04-29 15:21:45,499 | INFO | train.vit_b_16.s2 | epoch=13/50 | train_loss=1.4165 train_acc=0.5633 | val_loss=1.5680 val_acc=0.5189
2026-04-29 15:21:45,666 | INFO | train.vit_b_16.s2 | new best val acc 0.5189 -> saved best_model.pth
2026-04-29 15:24:49,997 | INFO | train.vit_b_16.s2 | epoch=14/50 | train_loss=1.3090 train_acc=0.5927 | val_loss=1.5150 val_acc=0.5399
2026-04-29 15:24:50,203 | INFO | train.vit_b_16.s2 | new best val acc 0.5399 -> saved best_model.pth
2026-04-29 15:27:54,887 | INFO | train.vit_b_16.s2 | epoch=15/50 | train_loss=1.2010 train_acc=0.6222 | val_loss=1.4361 val_acc=0.5678
2026-04-29 15:27:55,055 | INFO | train.vit_b_16.s2 | new best val acc 0.5678 -> saved best_model.pth
2026-04-29 15:30:59,741 | INFO | train.vit_b_16.s2 | epoch=16/50 | train_loss=1.1037 train_acc=0.6522 | val_loss=1.3734 val_acc=0.5836
2026-04-29 15:30:59,903 | INFO | train.vit_b_16.s2 | new best val acc 0.5836 -> saved best_model.pth
2026-04-29 15:34:04,731 | INFO | train.vit_b_16.s2 | epoch=17/50 | train_loss=1.0088 train_acc=0.6784 | val_loss=1.3277 val_acc=0.6073
2026-04-29 15:34:04,893 | INFO | train.vit_b_16.s2 | new best val acc 0.6073 -> saved best_model.pth
2026-04-29 15:37:09,634 | INFO | train.vit_b_16.s2 | epoch=18/50 | train_loss=0.9154 train_acc=0.7063 | val_loss=1.3611 val_acc=0.5942
2026-04-29 15:40:14,335 | INFO | train.vit_b_16.s2 | epoch=19/50 | train_loss=0.8341 train_acc=0.7312 | val_loss=1.3155 val_acc=0.6076
2026-04-29 15:40:14,497 | INFO | train.vit_b_16.s2 | new best val acc 0.6076 -> saved best_model.pth
2026-04-29 15:43:18,848 | INFO | train.vit_b_16.s2 | epoch=20/50 | train_loss=0.7639 train_acc=0.7518 | val_loss=1.2445 val_acc=0.6299
2026-04-29 15:43:19,010 | INFO | train.vit_b_16.s2 | new best val acc 0.6299 -> saved best_model.pth
2026-04-29 15:46:23,598 | INFO | train.vit_b_16.s2 | epoch=21/50 | train_loss=0.6809 train_acc=0.7766 | val_loss=1.3105 val_acc=0.6289
2026-04-29 15:49:27,954 | INFO | train.vit_b_16.s2 | epoch=22/50 | train_loss=0.6276 train_acc=0.7944 | val_loss=1.2584 val_acc=0.6387
2026-04-29 15:49:28,117 | INFO | train.vit_b_16.s2 | new best val acc 0.6387 -> saved best_model.pth
2026-04-29 15:52:32,533 | INFO | train.vit_b_16.s2 | epoch=23/50 | train_loss=0.5593 train_acc=0.8157 | val_loss=1.2354 val_acc=0.6581
2026-04-29 15:52:32,695 | INFO | train.vit_b_16.s2 | new best val acc 0.6581 -> saved best_model.pth
2026-04-29 15:55:37,090 | INFO | train.vit_b_16.s2 | epoch=24/50 | train_loss=0.4967 train_acc=0.8354 | val_loss=1.2425 val_acc=0.6618
2026-04-29 15:55:37,251 | INFO | train.vit_b_16.s2 | new best val acc 0.6618 -> saved best_model.pth
2026-04-29 15:58:41,474 | INFO | train.vit_b_16.s2 | epoch=25/50 | train_loss=0.4371 train_acc=0.8542 | val_loss=1.2022 val_acc=0.6766
2026-04-29 15:58:41,636 | INFO | train.vit_b_16.s2 | new best val acc 0.6766 -> saved best_model.pth
2026-04-29 16:01:45,756 | INFO | train.vit_b_16.s2 | epoch=26/50 | train_loss=0.4010 train_acc=0.8658 | val_loss=1.2742 val_acc=0.6681
2026-04-29 16:04:50,236 | INFO | train.vit_b_16.s2 | epoch=27/50 | train_loss=0.3528 train_acc=0.8821 | val_loss=1.1914 val_acc=0.6901
2026-04-29 16:04:50,399 | INFO | train.vit_b_16.s2 | new best val acc 0.6901 -> saved best_model.pth
2026-04-29 16:07:54,701 | INFO | train.vit_b_16.s2 | epoch=28/50 | train_loss=0.3022 train_acc=0.8994 | val_loss=1.2876 val_acc=0.6839
2026-04-29 16:10:58,964 | INFO | train.vit_b_16.s2 | epoch=29/50 | train_loss=0.2744 train_acc=0.9074 | val_loss=1.2667 val_acc=0.6891
2026-04-29 16:14:03,032 | INFO | train.vit_b_16.s2 | epoch=30/50 | train_loss=0.2320 train_acc=0.9228 | val_loss=1.2639 val_acc=0.6983
2026-04-29 16:14:03,193 | INFO | train.vit_b_16.s2 | new best val acc 0.6983 -> saved best_model.pth
2026-04-29 16:17:07,483 | INFO | train.vit_b_16.s2 | epoch=31/50 | train_loss=0.2003 train_acc=0.9318 | val_loss=1.3484 val_acc=0.6907
2026-04-29 16:20:11,637 | INFO | train.vit_b_16.s2 | epoch=32/50 | train_loss=0.1722 train_acc=0.9408 | val_loss=1.3477 val_acc=0.7008
2026-04-29 16:20:11,821 | INFO | train.vit_b_16.s2 | new best val acc 0.7008 -> saved best_model.pth
2026-04-29 16:23:15,660 | INFO | train.vit_b_16.s2 | epoch=33/50 | train_loss=0.1517 train_acc=0.9496 | val_loss=1.3231 val_acc=0.7027
2026-04-29 16:23:15,823 | INFO | train.vit_b_16.s2 | new best val acc 0.7027 -> saved best_model.pth
2026-04-29 16:26:20,118 | INFO | train.vit_b_16.s2 | epoch=34/50 | train_loss=0.1230 train_acc=0.9585 | val_loss=1.4018 val_acc=0.7113
2026-04-29 16:26:20,286 | INFO | train.vit_b_16.s2 | new best val acc 0.7113 -> saved best_model.pth
2026-04-29 16:29:23,712 | INFO | train.vit_b_16.s2 | epoch=35/50 | train_loss=0.1081 train_acc=0.9642 | val_loss=1.2995 val_acc=0.7221
2026-04-29 16:29:23,881 | INFO | train.vit_b_16.s2 | new best val acc 0.7221 -> saved best_model.pth
2026-04-29 16:32:27,930 | INFO | train.vit_b_16.s2 | epoch=36/50 | train_loss=0.0905 train_acc=0.9703 | val_loss=1.3947 val_acc=0.7215
2026-04-29 16:35:31,641 | INFO | train.vit_b_16.s2 | epoch=37/50 | train_loss=0.0776 train_acc=0.9747 | val_loss=1.3459 val_acc=0.7287
2026-04-29 16:35:31,811 | INFO | train.vit_b_16.s2 | new best val acc 0.7287 -> saved best_model.pth
2026-04-29 16:38:35,926 | INFO | train.vit_b_16.s2 | epoch=38/50 | train_loss=0.0622 train_acc=0.9801 | val_loss=1.4072 val_acc=0.7204
2026-04-29 16:41:39,861 | INFO | train.vit_b_16.s2 | epoch=39/50 | train_loss=0.0504 train_acc=0.9836 | val_loss=1.4450 val_acc=0.7243
2026-04-29 16:44:43,905 | INFO | train.vit_b_16.s2 | epoch=40/50 | train_loss=0.0398 train_acc=0.9880 | val_loss=1.4378 val_acc=0.7340
2026-04-29 16:44:44,071 | INFO | train.vit_b_16.s2 | new best val acc 0.7340 -> saved best_model.pth
2026-04-29 16:47:47,866 | INFO | train.vit_b_16.s2 | epoch=41/50 | train_loss=0.0326 train_acc=0.9898 | val_loss=1.4215 val_acc=0.7337
2026-04-29 16:50:51,850 | INFO | train.vit_b_16.s2 | epoch=42/50 | train_loss=0.0260 train_acc=0.9922 | val_loss=1.4386 val_acc=0.7298
2026-04-29 16:53:55,445 | INFO | train.vit_b_16.s2 | epoch=43/50 | train_loss=0.0215 train_acc=0.9937 | val_loss=1.4443 val_acc=0.7393
2026-04-29 16:53:55,607 | INFO | train.vit_b_16.s2 | new best val acc 0.7393 -> saved best_model.pth
2026-04-29 16:56:59,841 | INFO | train.vit_b_16.s2 | epoch=44/50 | train_loss=0.0175 train_acc=0.9954 | val_loss=1.4331 val_acc=0.7399
2026-04-29 16:57:00,003 | INFO | train.vit_b_16.s2 | new best val acc 0.7399 -> saved best_model.pth
2026-04-29 17:00:04,139 | INFO | train.vit_b_16.s2 | epoch=45/50 | train_loss=0.0139 train_acc=0.9965 | val_loss=1.4049 val_acc=0.7428
2026-04-29 17:00:04,303 | INFO | train.vit_b_16.s2 | new best val acc 0.7428 -> saved best_model.pth
2026-04-29 17:03:08,144 | INFO | train.vit_b_16.s2 | epoch=46/50 | train_loss=0.0112 train_acc=0.9969 | val_loss=1.4250 val_acc=0.7424
2026-04-29 17:06:12,004 | INFO | train.vit_b_16.s2 | epoch=47/50 | train_loss=0.0097 train_acc=0.9979 | val_loss=1.4236 val_acc=0.7445
2026-04-29 17:06:12,166 | INFO | train.vit_b_16.s2 | new best val acc 0.7445 -> saved best_model.pth
2026-04-29 17:09:16,158 | INFO | train.vit_b_16.s2 | epoch=48/50 | train_loss=0.0079 train_acc=0.9982 | val_loss=1.4203 val_acc=0.7437
2026-04-29 17:12:20,227 | INFO | train.vit_b_16.s2 | epoch=49/50 | train_loss=0.0078 train_acc=0.9984 | val_loss=1.4245 val_acc=0.7428
2026-04-29 17:15:23,506 | INFO | train.vit_b_16.s2 | epoch=50/50 | train_loss=0.0072 train_acc=0.9986 | val_loss=1.4210 val_acc=0.7437
2026-04-29 17:16:28,833 | INFO | train.vit_b_16.s2 | done | best_val_acc=0.7445 test_acc=0.7485 elapsed=9290.0s
