2026-04-29 13:53:38,584 | INFO | train.efficientnet_b3.s4 | args = {"model": "efficientnet_b3", "dataset": "atrnet_star", "seed": 4, "epochs": 50, "batch_size": 64, "lr": 0.001, "weight_decay": 0.0001, "data_dir": "/springbrook/share/soc/pouhjm/datasets/atrnet_star/Ground_Range/Amplitude_8bit/SOC_40classes", "output_dir": null, "num_workers": null, "image_size": 224, "atrnet_config": "SOC-40", "grad_accum_steps": 1, "early_stop_patience": 10, "no_amp": false, "no_pretrained": false, "resume": true, "summary_csv": "/springbrook/share/soc/pouhjm/mstar/results/train_summary.csv"}
2026-04-29 13:53:38,588 | INFO | train.efficientnet_b3.s4 | device=cpu | cuda: unavailable
2026-04-29 13:53:39,107 | INFO | train.efficientnet_b3.s4 | dataset=atrnet_star | train=61282 val=6809 test=29284 classes=40
2026-04-29 13:53:39,287 | INFO | train.efficientnet_b3.s4 | model=efficientnet_b3 | params=10757712
2026-04-29 14:06:40,238 | INFO | train.efficientnet_b3.s4 | args = {"model": "efficientnet_b3", "dataset": "atrnet_star", "seed": 4, "epochs": 50, "batch_size": 64, "lr": 0.001, "weight_decay": 0.0001, "data_dir": "/springbrook/share/soc/pouhjm/datasets/atrnet_star/Ground_Range/Amplitude_8bit/SOC_40classes", "output_dir": null, "num_workers": null, "image_size": 224, "atrnet_config": "SOC-40", "grad_accum_steps": 1, "early_stop_patience": 10, "no_amp": false, "no_pretrained": false, "resume": true, "summary_csv": "/springbrook/share/soc/pouhjm/mstar/results/train_summary.csv"}
2026-04-29 14:06:40,360 | INFO | train.efficientnet_b3.s4 | device=cuda | cuda: NVIDIA L40 | total=47.7GB allocated=0.0GB reserved=0.0GB
2026-04-29 14:06:40,943 | INFO | train.efficientnet_b3.s4 | dataset=atrnet_star | train=61282 val=6809 test=29284 classes=40
2026-04-29 14:06:41,361 | INFO | train.efficientnet_b3.s4 | model=efficientnet_b3 | params=10757712
2026-04-29 14:09:53,606 | INFO | train.efficientnet_b3.s4 | epoch=01/50 | train_loss=1.4733 train_acc=0.5653 | val_loss=0.7332 val_acc=0.7634
2026-04-29 14:09:53,661 | INFO | train.efficientnet_b3.s4 | new best val acc 0.7634 -> saved best_model.pth
2026-04-29 14:12:52,897 | INFO | train.efficientnet_b3.s4 | epoch=02/50 | train_loss=0.5945 train_acc=0.8140 | val_loss=0.4839 val_acc=0.8465
2026-04-29 14:12:52,948 | INFO | train.efficientnet_b3.s4 | new best val acc 0.8465 -> saved best_model.pth
2026-04-29 14:15:52,438 | INFO | train.efficientnet_b3.s4 | epoch=03/50 | train_loss=0.3742 train_acc=0.8796 | val_loss=0.3130 val_acc=0.9000
2026-04-29 14:15:52,489 | INFO | train.efficientnet_b3.s4 | new best val acc 0.9000 -> saved best_model.pth
2026-04-29 14:18:51,676 | INFO | train.efficientnet_b3.s4 | epoch=04/50 | train_loss=0.2754 train_acc=0.9111 | val_loss=0.3102 val_acc=0.9072
2026-04-29 14:18:51,727 | INFO | train.efficientnet_b3.s4 | new best val acc 0.9072 -> saved best_model.pth
2026-04-29 14:21:50,824 | INFO | train.efficientnet_b3.s4 | epoch=05/50 | train_loss=0.2093 train_acc=0.9326 | val_loss=0.2451 val_acc=0.9233
2026-04-29 14:21:50,874 | INFO | train.efficientnet_b3.s4 | new best val acc 0.9233 -> saved best_model.pth
2026-04-29 14:24:49,956 | INFO | train.efficientnet_b3.s4 | epoch=06/50 | train_loss=0.1726 train_acc=0.9442 | val_loss=0.1872 val_acc=0.9415
2026-04-29 14:24:50,004 | INFO | train.efficientnet_b3.s4 | new best val acc 0.9415 -> saved best_model.pth
2026-04-29 14:27:49,026 | INFO | train.efficientnet_b3.s4 | epoch=07/50 | train_loss=0.1474 train_acc=0.9530 | val_loss=0.1906 val_acc=0.9395
2026-04-29 14:30:48,242 | INFO | train.efficientnet_b3.s4 | epoch=08/50 | train_loss=0.1237 train_acc=0.9594 | val_loss=0.1728 val_acc=0.9485
2026-04-29 14:30:48,293 | INFO | train.efficientnet_b3.s4 | new best val acc 0.9485 -> saved best_model.pth
2026-04-29 14:33:47,169 | INFO | train.efficientnet_b3.s4 | epoch=09/50 | train_loss=0.1111 train_acc=0.9650 | val_loss=0.1950 val_acc=0.9424
2026-04-29 14:36:46,568 | INFO | train.efficientnet_b3.s4 | epoch=10/50 | train_loss=0.1006 train_acc=0.9680 | val_loss=0.1813 val_acc=0.9439
2026-04-29 14:39:45,897 | INFO | train.efficientnet_b3.s4 | epoch=11/50 | train_loss=0.0879 train_acc=0.9717 | val_loss=0.1619 val_acc=0.9492
2026-04-29 14:39:45,946 | INFO | train.efficientnet_b3.s4 | new best val acc 0.9492 -> saved best_model.pth
2026-04-29 14:42:44,907 | INFO | train.efficientnet_b3.s4 | epoch=12/50 | train_loss=0.0858 train_acc=0.9723 | val_loss=0.1566 val_acc=0.9542
2026-04-29 14:42:44,956 | INFO | train.efficientnet_b3.s4 | new best val acc 0.9542 -> saved best_model.pth
2026-04-29 14:45:43,809 | INFO | train.efficientnet_b3.s4 | epoch=13/50 | train_loss=0.0667 train_acc=0.9790 | val_loss=0.1370 val_acc=0.9596
2026-04-29 14:45:43,859 | INFO | train.efficientnet_b3.s4 | new best val acc 0.9596 -> saved best_model.pth
2026-04-29 14:48:42,849 | INFO | train.efficientnet_b3.s4 | epoch=14/50 | train_loss=0.0650 train_acc=0.9793 | val_loss=0.1508 val_acc=0.9577
2026-04-29 14:51:41,596 | INFO | train.efficientnet_b3.s4 | epoch=15/50 | train_loss=0.0606 train_acc=0.9808 | val_loss=0.1573 val_acc=0.9583
2026-04-29 14:54:40,335 | INFO | train.efficientnet_b3.s4 | epoch=16/50 | train_loss=0.0502 train_acc=0.9836 | val_loss=0.1513 val_acc=0.9627
2026-04-29 14:54:40,385 | INFO | train.efficientnet_b3.s4 | new best val acc 0.9627 -> saved best_model.pth
2026-04-29 14:57:39,201 | INFO | train.efficientnet_b3.s4 | epoch=17/50 | train_loss=0.0475 train_acc=0.9854 | val_loss=0.1304 val_acc=0.9634
2026-04-29 14:57:39,250 | INFO | train.efficientnet_b3.s4 | new best val acc 0.9634 -> saved best_model.pth
2026-04-29 15:00:37,862 | INFO | train.efficientnet_b3.s4 | epoch=18/50 | train_loss=0.0415 train_acc=0.9867 | val_loss=0.1154 val_acc=0.9687
2026-04-29 15:00:37,912 | INFO | train.efficientnet_b3.s4 | new best val acc 0.9687 -> saved best_model.pth
2026-04-29 15:03:36,495 | INFO | train.efficientnet_b3.s4 | epoch=19/50 | train_loss=0.0386 train_acc=0.9880 | val_loss=0.1262 val_acc=0.9684
2026-04-29 15:06:35,177 | INFO | train.efficientnet_b3.s4 | epoch=20/50 | train_loss=0.0352 train_acc=0.9886 | val_loss=0.1302 val_acc=0.9661
2026-04-29 15:09:33,931 | INFO | train.efficientnet_b3.s4 | epoch=21/50 | train_loss=0.0341 train_acc=0.9883 | val_loss=0.1413 val_acc=0.9653
2026-04-29 15:12:32,438 | INFO | train.efficientnet_b3.s4 | epoch=22/50 | train_loss=0.0279 train_acc=0.9906 | val_loss=0.1686 val_acc=0.9571
2026-04-29 15:15:31,186 | INFO | train.efficientnet_b3.s4 | epoch=23/50 | train_loss=0.0283 train_acc=0.9909 | val_loss=0.0982 val_acc=0.9747
2026-04-29 15:15:31,235 | INFO | train.efficientnet_b3.s4 | new best val acc 0.9747 -> saved best_model.pth
2026-04-29 15:18:29,972 | INFO | train.efficientnet_b3.s4 | epoch=24/50 | train_loss=0.0201 train_acc=0.9933 | val_loss=0.0944 val_acc=0.9742
2026-04-29 15:21:28,624 | INFO | train.efficientnet_b3.s4 | epoch=25/50 | train_loss=0.0178 train_acc=0.9944 | val_loss=0.0976 val_acc=0.9764
2026-04-29 15:21:28,674 | INFO | train.efficientnet_b3.s4 | new best val acc 0.9764 -> saved best_model.pth
2026-04-29 15:24:27,430 | INFO | train.efficientnet_b3.s4 | epoch=26/50 | train_loss=0.0195 train_acc=0.9937 | val_loss=0.0972 val_acc=0.9753
2026-04-29 15:27:26,104 | INFO | train.efficientnet_b3.s4 | epoch=27/50 | train_loss=0.0149 train_acc=0.9951 | val_loss=0.0901 val_acc=0.9762
2026-04-29 15:30:25,213 | INFO | train.efficientnet_b3.s4 | epoch=28/50 | train_loss=0.0131 train_acc=0.9957 | val_loss=0.0934 val_acc=0.9756
2026-04-29 15:33:23,671 | INFO | train.efficientnet_b3.s4 | epoch=29/50 | train_loss=0.0117 train_acc=0.9965 | val_loss=0.0907 val_acc=0.9787
2026-04-29 15:33:23,723 | INFO | train.efficientnet_b3.s4 | new best val acc 0.9787 -> saved best_model.pth
2026-04-29 15:36:22,432 | INFO | train.efficientnet_b3.s4 | epoch=30/50 | train_loss=0.0123 train_acc=0.9961 | val_loss=0.0980 val_acc=0.9766
2026-04-29 15:39:21,009 | INFO | train.efficientnet_b3.s4 | epoch=31/50 | train_loss=0.0084 train_acc=0.9975 | val_loss=0.0804 val_acc=0.9809
2026-04-29 15:39:21,060 | INFO | train.efficientnet_b3.s4 | new best val acc 0.9809 -> saved best_model.pth
2026-04-29 15:42:19,622 | INFO | train.efficientnet_b3.s4 | epoch=32/50 | train_loss=0.0064 train_acc=0.9981 | val_loss=0.0769 val_acc=0.9815
2026-04-29 15:42:19,671 | INFO | train.efficientnet_b3.s4 | new best val acc 0.9815 -> saved best_model.pth
2026-04-29 15:45:18,449 | INFO | train.efficientnet_b3.s4 | epoch=33/50 | train_loss=0.0058 train_acc=0.9982 | val_loss=0.0707 val_acc=0.9831
2026-04-29 15:45:18,498 | INFO | train.efficientnet_b3.s4 | new best val acc 0.9831 -> saved best_model.pth
2026-04-29 15:48:17,039 | INFO | train.efficientnet_b3.s4 | epoch=34/50 | train_loss=0.0050 train_acc=0.9983 | val_loss=0.0738 val_acc=0.9831
2026-04-29 15:51:15,337 | INFO | train.efficientnet_b3.s4 | epoch=35/50 | train_loss=0.0056 train_acc=0.9980 | val_loss=0.0680 val_acc=0.9830
2026-04-29 15:54:13,488 | INFO | train.efficientnet_b3.s4 | epoch=36/50 | train_loss=0.0034 train_acc=0.9989 | val_loss=0.0639 val_acc=0.9858
2026-04-29 15:54:13,538 | INFO | train.efficientnet_b3.s4 | new best val acc 0.9858 -> saved best_model.pth
2026-04-29 15:57:12,151 | INFO | train.efficientnet_b3.s4 | epoch=37/50 | train_loss=0.0029 train_acc=0.9990 | val_loss=0.0635 val_acc=0.9849
2026-04-29 16:00:10,837 | INFO | train.efficientnet_b3.s4 | epoch=38/50 | train_loss=0.0025 train_acc=0.9993 | val_loss=0.0670 val_acc=0.9846
2026-04-29 16:03:09,529 | INFO | train.efficientnet_b3.s4 | epoch=39/50 | train_loss=0.0022 train_acc=0.9993 | val_loss=0.0598 val_acc=0.9846
2026-04-29 16:06:07,693 | INFO | train.efficientnet_b3.s4 | epoch=40/50 | train_loss=0.0014 train_acc=0.9996 | val_loss=0.0592 val_acc=0.9874
2026-04-29 16:06:07,743 | INFO | train.efficientnet_b3.s4 | new best val acc 0.9874 -> saved best_model.pth
2026-04-29 16:09:06,409 | INFO | train.efficientnet_b3.s4 | epoch=41/50 | train_loss=0.0011 train_acc=0.9997 | val_loss=0.0594 val_acc=0.9869
2026-04-29 16:12:04,768 | INFO | train.efficientnet_b3.s4 | epoch=42/50 | train_loss=0.0009 train_acc=0.9997 | val_loss=0.0580 val_acc=0.9865
2026-04-29 16:15:03,126 | INFO | train.efficientnet_b3.s4 | epoch=43/50 | train_loss=0.0007 train_acc=0.9998 | val_loss=0.0616 val_acc=0.9859
2026-04-29 16:18:01,292 | INFO | train.efficientnet_b3.s4 | epoch=44/50 | train_loss=0.0007 train_acc=0.9998 | val_loss=0.0570 val_acc=0.9874
2026-04-29 16:20:59,619 | INFO | train.efficientnet_b3.s4 | epoch=45/50 | train_loss=0.0009 train_acc=0.9997 | val_loss=0.0549 val_acc=0.9881
2026-04-29 16:20:59,669 | INFO | train.efficientnet_b3.s4 | new best val acc 0.9881 -> saved best_model.pth
2026-04-29 16:23:58,086 | INFO | train.efficientnet_b3.s4 | epoch=46/50 | train_loss=0.0007 train_acc=0.9998 | val_loss=0.0532 val_acc=0.9884
2026-04-29 16:23:58,136 | INFO | train.efficientnet_b3.s4 | new best val acc 0.9884 -> saved best_model.pth
2026-04-29 16:26:56,518 | INFO | train.efficientnet_b3.s4 | epoch=47/50 | train_loss=0.0006 train_acc=0.9998 | val_loss=0.0534 val_acc=0.9884
2026-04-29 16:29:55,122 | INFO | train.efficientnet_b3.s4 | epoch=48/50 | train_loss=0.0006 train_acc=0.9998 | val_loss=0.0529 val_acc=0.9884
2026-04-29 16:32:53,741 | INFO | train.efficientnet_b3.s4 | epoch=49/50 | train_loss=0.0004 train_acc=0.9999 | val_loss=0.0528 val_acc=0.9883
2026-04-29 16:35:52,281 | INFO | train.efficientnet_b3.s4 | epoch=50/50 | train_loss=0.0005 train_acc=0.9998 | val_loss=0.0514 val_acc=0.9884
2026-04-29 16:36:54,644 | INFO | train.efficientnet_b3.s4 | done | best_val_acc=0.9884 test_acc=0.9887 elapsed=9013.3s
